<?xml version="1.0" encoding="UTF-8"?>
<!-- Generated by org.testng.reporters.JUnitXMLReporter -->
<testsuite ignored="0" hostname="LTIN198183" failures="0" tests="6" name="Test-chrome" time="123.603" errors="0" timestamp="2024-03-04T14:34:51 IST">
  <testcase classname="TestCases.navigate_to_upcoming_Bikes" name="navigate" time="7.564"/>
  <testcase classname="TestCases.navigate_to_upcoming_Bikes" name="Slect_Honda_Manuf" time="4.209"/>
  <testcase classname="TestCases.navigate_to_upcoming_Bikes" name="bike_under_4lakh" time="5.749"/>
  <testcase classname="TestCases.find_used_Cars" name="navigate_used_cars" time="26.84"/>
  <testcase classname="TestCases.find_used_Cars" name="popular_model" time="2.802"/>
  <testcase classname="TestCases.loginerror" name="user_reg" time="14.522"/>
</testsuite> <!-- Test-chrome -->
