<?xml version="1.0" encoding="UTF-8"?>
<!-- Generated by org.testng.reporters.JUnitXMLReporter -->
<testsuite ignored="0" hostname="LTIN279204" failures="0" tests="6" name="Test-edge" time="77.752" errors="0" timestamp="2024-02-21T22:52:48 IST">
  <testcase classname="TestCases.navigate_to_upcoming_Bikes" name="navigate" time="6.39"/>
  <testcase classname="TestCases.navigate_to_upcoming_Bikes" name="Slect_Honda_Manuf" time="4.113"/>
  <testcase classname="TestCases.navigate_to_upcoming_Bikes" name="bike_under_4lakh" time="4.006"/>
  <testcase classname="TestCases.find_used_Cars" name="navigate_used_cars" time="7.394"/>
  <testcase classname="TestCases.find_used_Cars" name="popular_model" time="1.828"/>
  <testcase classname="TestCases.loginerror" name="user_reg" time="14.176"/>
</testsuite> <!-- Test-edge -->
