<?xml version="1.0" encoding="UTF-8"?>
<!-- Generated by org.testng.reporters.JUnitXMLReporter -->
<testsuite ignored="0" hostname="LTIN198183" failures="0" tests="6" name="Test-chrome" time="89.531" errors="0" timestamp="2024-03-05T15:29:48 IST">
  <testcase classname="TestCases.navigate_to_upcoming_Bikes" name="navigate" time="7.583"/>
  <testcase classname="TestCases.navigate_to_upcoming_Bikes" name="Slect_Honda_Manuf" time="2.699"/>
  <testcase classname="TestCases.navigate_to_upcoming_Bikes" name="bike_under_4lakh" time="7.134"/>
  <testcase classname="TestCases.find_used_Cars" name="navigate_used_cars" time="12.227"/>
  <testcase classname="TestCases.find_used_Cars" name="popular_model" time="2.515"/>
  <testcase classname="TestCases.loginerror" name="user_reg" time="13.834"/>
</testsuite> <!-- Test-chrome -->
