<?xml version="1.0" encoding="UTF-8"?>
<!-- Generated by org.testng.reporters.JUnitReportReporter -->
<testsuite hostname="LTIN198183" failures="0" tests="2" name="TestCases.find_used_Cars" time="29.642" errors="0" timestamp="2024-03-04T14:34:58 IST" skipped="0">
  <testcase classname="TestCases.find_used_Cars" name="navigate_used_cars" time="26.840"/>
  <system-out/>
  <testcase classname="TestCases.find_used_Cars" name="popular_model" time="2.802"/>
  <system-out/>
</testsuite> <!-- TestCases.find_used_Cars -->
