<?xml version="1.0" encoding="UTF-8"?>
<!-- Generated by org.testng.reporters.JUnitReportReporter -->
<testsuite hostname="LTIN198183" failures="0" tests="1" name="TestCases.loginerror" time="14.522" errors="0" timestamp="2024-03-04T14:34:58 IST" skipped="0">
  <testcase classname="TestCases.loginerror" name="user_reg" time="14.522"/>
  <system-out/>
</testsuite> <!-- TestCases.loginerror -->
