<?xml version="1.0" encoding="UTF-8"?>
<!-- Generated by org.testng.reporters.JUnitReportReporter -->
<testsuite hostname="LTIN198183" failures="0" tests="3" name="TestCases.navigate_to_upcoming_Bikes" time="17.522" errors="0" timestamp="2024-03-04T14:34:58 IST" skipped="0">
  <testcase classname="TestCases.navigate_to_upcoming_Bikes" name="navigate" time="7.564"/>
  <system-out/>
  <testcase classname="TestCases.navigate_to_upcoming_Bikes" name="Slect_Honda_Manuf" time="4.209"/>
  <system-out/>
  <testcase classname="TestCases.navigate_to_upcoming_Bikes" name="bike_under_4lakh" time="5.749"/>
  <system-out/>
</testsuite> <!-- TestCases.navigate_to_upcoming_Bikes -->
