<?xml version="1.0" encoding="UTF-8"?>
<!-- Generated by org.testng.reporters.JUnitReportReporter -->
<testsuite hostname="LTIN198183" failures="0" tests="2" name="TestCases.find_used_Cars" time="14.742" errors="0" timestamp="2024-03-05T15:29:48 IST" skipped="0">
  <testcase classname="TestCases.find_used_Cars" name="navigate_used_cars" time="12.227"/>
  <testcase classname="TestCases.find_used_Cars" name="popular_model" time="2.515"/>
</testsuite> <!-- TestCases.find_used_Cars -->
