<?xml version="1.0" encoding="UTF-8"?>
<!-- Generated by org.testng.reporters.JUnitReportReporter -->
<testsuite hostname="LTIN198183" failures="0" tests="1" name="TestCases.loginerror" time="13.834" errors="0" timestamp="2024-03-05T15:29:48 IST" skipped="0">
  <testcase classname="TestCases.loginerror" name="user_reg" time="13.834"/>
</testsuite> <!-- TestCases.loginerror -->
