<?xml version="1.0" encoding="UTF-8"?>
<!-- Generated by org.testng.reporters.JUnitReportReporter -->
<testsuite hostname="LTIN198183" failures="0" tests="3" name="TestCases.navigate_to_upcoming_Bikes" time="17.416" errors="0" timestamp="2024-03-05T15:29:48 IST" skipped="0">
  <testcase classname="TestCases.navigate_to_upcoming_Bikes" name="navigate" time="7.583"/>
  <testcase classname="TestCases.navigate_to_upcoming_Bikes" name="Slect_Honda_Manuf" time="2.699"/>
  <testcase classname="TestCases.navigate_to_upcoming_Bikes" name="bike_under_4lakh" time="7.134"/>
</testsuite> <!-- TestCases.navigate_to_upcoming_Bikes -->
